<?xml version="1.0" encoding="utf-8"?><testsuites name="pytest tests"><testsuite name="pytest" errors="0" failures="0" skipped="0" tests="26" time="25.815" timestamp="2026-04-11T09:24:54.030144+00:00" hostname="agent-env-967e2b3a-ea37-4d4a-a8fd-46086c92f21b"><testcase classname="tests.test_examace_api.TestHealth" name="test_exams_endpoint" time="0.104" /><testcase classname="tests.test_examace_api.TestHealth" name="test_subjects_endpoint" time="0.096" /><testcase classname="tests.test_examace_api.TestHealth" name="test_subjects_filter_by_exam" time="0.144" /><testcase classname="tests.test_examace_api.TestHealth" name="test_chapters_endpoint" time="0.095" /><testcase classname="tests.test_examace_api.TestHealth" name="test_questions_endpoint" time="0.110" /><testcase classname="tests.test_examace_api.TestAuth" name="test_register_new_user" time="0.338" /><testcase classname="tests.test_examace_api.TestAuth" name="test_register_duplicate_email" time="0.396" /><testcase classname="tests.test_examace_api.TestAuth" name="test_login_success" time="0.590" /><testcase classname="tests.test_examace_api.TestAuth" name="test_login_invalid_credentials" time="0.354" /><testcase classname="tests.test_examace_api.TestAuth" name="test_auth_me_with_token" time="0.403" /><testcase classname="tests.test_examace_api.TestAuth" name="test_auth_me_without_token" time="0.096" /><testcase classname="tests.test_examace_api.TestPractice" name="test_submit_answer_correct" time="0.411" /><testcase classname="tests.test_examace_api.TestPractice" name="test_submit_answer_incorrect" time="0.415" /><testcase classname="tests.test_examace_api.TestPractice" name="test_practice_history" time="0.374" /><testcase classname="tests.test_examace_api.TestAnalytics" name="test_dashboard_analytics" time="0.370" /><testcase classname="tests.test_examace_api.TestAnalytics" name="test_subject_analytics" time="0.377" /><testcase classname="tests.test_examace_api.TestAI" name="test_ai_chat_endpoint" time="6.495" /><testcase classname="tests.test_examace_api.TestAI" name="test_ai_explain_endpoint" time="10.918" /><testcase classname="tests.test_examace_api.TestReferral" name="test_register_with_referral_code" time="0.718" /><testcase classname="tests.test_examace_api.TestReferral" name="test_referral_info_endpoint" time="0.377" /><testcase classname="tests.test_examace_api.TestReferral" name="test_apply_referral_code_valid" time="0.639" /><testcase classname="tests.test_examace_api.TestReferral" name="test_apply_referral_code_invalid" time="0.368" /><testcase classname="tests.test_examace_api.TestReferral" name="test_apply_referral_code_self" time="0.382" /><testcase classname="tests.test_examace_api.TestReferral" name="test_apply_referral_code_duplicate" time="0.938" /><testcase classname="tests.test_examace_api.TestCache" name="test_cache_content_endpoint" time="0.101" /><testcase classname="tests.test_examace_api.TestCache" name="test_cache_content_filtered_by_exam" time="0.113" /></testsuite></testsuites>