<?xml version="1.0" encoding="utf-8"?><testsuites name="pytest tests"><testsuite name="pytest" errors="0" failures="0" skipped="0" tests="18" time="19.112" timestamp="2026-04-11T09:05:06.119588+00:00" hostname="agent-env-967e2b3a-ea37-4d4a-a8fd-46086c92f21b"><testcase classname="tests.test_examace_api.TestHealth" name="test_exams_endpoint" time="0.252" /><testcase classname="tests.test_examace_api.TestHealth" name="test_subjects_endpoint" time="0.138" /><testcase classname="tests.test_examace_api.TestHealth" name="test_subjects_filter_by_exam" time="0.101" /><testcase classname="tests.test_examace_api.TestHealth" name="test_chapters_endpoint" time="0.094" /><testcase classname="tests.test_examace_api.TestHealth" name="test_questions_endpoint" time="0.104" /><testcase classname="tests.test_examace_api.TestAuth" name="test_register_new_user" time="0.400" /><testcase classname="tests.test_examace_api.TestAuth" name="test_register_duplicate_email" time="0.370" /><testcase classname="tests.test_examace_api.TestAuth" name="test_login_success" time="0.907" /><testcase classname="tests.test_examace_api.TestAuth" name="test_login_invalid_credentials" time="0.357" /><testcase classname="tests.test_examace_api.TestAuth" name="test_auth_me_with_token" time="0.436" /><testcase classname="tests.test_examace_api.TestAuth" name="test_auth_me_without_token" time="0.106" /><testcase classname="tests.test_examace_api.TestPractice" name="test_submit_answer_correct" time="0.455" /><testcase classname="tests.test_examace_api.TestPractice" name="test_submit_answer_incorrect" time="0.463" /><testcase classname="tests.test_examace_api.TestPractice" name="test_practice_history" time="0.386" /><testcase classname="tests.test_examace_api.TestAnalytics" name="test_dashboard_analytics" time="0.374" /><testcase classname="tests.test_examace_api.TestAnalytics" name="test_subject_analytics" time="0.365" /><testcase classname="tests.test_examace_api.TestAI" name="test_ai_chat_endpoint" time="3.573" /><testcase classname="tests.test_examace_api.TestAI" name="test_ai_explain_endpoint" time="10.116" /></testsuite></testsuites>